Build started 23/06/2014 3:59:57 PM.
     1>Project "C:\Kinect\Proj60\Proj60\KinectFusionExplorerMultiStaticCameras-WPF\AMP_HelperFunctions\AMP_HelperFunctions.vcxproj" on node 4 (Rebuild target(s)).
     1>ClCompile:
         C:\Program Files (x86)\Microsoft Visual Studio 11.0\VC\bin\CL.exe /c /Zi /nologo /W3 /WX- /O2 /Oi /Oy- /GL /D WIN32 /D NDEBUG /D _WINDOWS /D _USRDLL /D AMP_HELPERFUNCTIONS_EXPORTS /D _WINDLL /D _UNICODE /D UNICODE /Gm- /EHsc /MD /GS /Gy /fp:precise /Zc:wchar_t /Zc:forScope /Yc"stdafx.h" /Fp"Release\AMP_HelperFunctions.pch" /Fo"Release\\" /Fd"Release\vc110.pdb" /Gd /TP /analyze- /errorReport:prompt stdafx.cpp
         stdafx.cpp
         C:\Program Files (x86)\Microsoft Visual Studio 11.0\VC\bin\CL.exe /c /Zi /nologo /W3 /WX- /O2 /Oi /Oy- /GL /D WIN32 /D NDEBUG /D _WINDOWS /D _USRDLL /D AMP_HELPERFUNCTIONS_EXPORTS /D _WINDLL /D _UNICODE /D UNICODE /Gm- /EHsc /MD /GS /Gy /fp:precise /Zc:wchar_t /Zc:forScope /Yu"stdafx.h" /Fp"Release\AMP_HelperFunctions.pch" /Fo"Release\\" /Fd"Release\vc110.pdb" /Gd /TP /analyze- /errorReport:prompt AMP_HelperFunctions.cpp
         AMP_HelperFunctions.cpp
         C:\Program Files (x86)\Microsoft Visual Studio 11.0\VC\bin\CL.exe /c /Zi /nologo /W3 /WX- /O2 /Oi /Oy- /GL /D WIN32 /D NDEBUG /D _WINDOWS /D _USRDLL /D AMP_HELPERFUNCTIONS_EXPORTS /D _WINDLL /D _UNICODE /D UNICODE /Gm- /EHsc /MD /GS /Gy /fp:precise /Zc:wchar_t /Zc:forScope /Fo"Release\\" /Fd"Release\vc110.pdb" /Gd /TP /analyze- /errorReport:prompt dllmain.cpp
         dllmain.cpp
       Link:
         C:\Program Files (x86)\Microsoft Visual Studio 11.0\VC\bin\link.exe /ERRORREPORT:PROMPT /OUT:"..\..\Release\AMP_HelperFunctions.dll" /INCREMENTAL:NO /NOLOGO kernel32.lib user32.lib gdi32.lib winspool.lib comdlg32.lib advapi32.lib shell32.lib ole32.lib oleaut32.lib uuid.lib odbc32.lib odbccp32.lib /MANIFEST /MANIFESTUAC:"level='asInvoker' uiAccess='false'" /manifest:embed /DEBUG /PDB:"..\..\Release\AMP_HelperFunctions.pdb" /SUBSYSTEM:WINDOWS /OPT:REF /OPT:ICF /LTCG /TLBID:1 /DYNAMICBASE /NXCOMPAT /IMPLIB:"..\..\Release\AMP_HelperFunctions.lib" /MACHINE:X86 /SAFESEH /DLL Release\AMP_HelperFunctions.obj
         Release\dllmain.obj
         Release\stdafx.obj
            Creating library ..\..\Release\AMP_HelperFunctions.lib and object ..\..\Release\AMP_HelperFunctions.exp
         Generating code
         Finished generating code
         AMP_HelperFunctions.vcxproj -> C:\Kinect\Proj60\Proj60\KinectFusionExplorerMultiStaticCameras-WPF\AMP_HelperFunctions\..\..\Release\AMP_HelperFunctions.dll
     1>Done Building Project "C:\Kinect\Proj60\Proj60\KinectFusionExplorerMultiStaticCameras-WPF\AMP_HelperFunctions\AMP_HelperFunctions.vcxproj" (Rebuild target(s)).

Build succeeded.

Time Elapsed 00:00:27.12
