C:\Kinect\Proj60\Proj60\KinectFusionExplorerMultiStaticCameras-WPF\Release\AMP_HelperFunctions.lib
C:\Kinect\Proj60\Proj60\KinectFusionExplorerMultiStaticCameras-WPF\Release\AMP_HelperFunctions.exp
C:\Kinect\Proj60\Proj60\Release\AMP_HelperFunctions.lib
C:\Kinect\Proj60\Proj60\Release\AMP_HelperFunctions.exp
C:\KINECT\PROJ60\PROJ60\KINECTFUSIONEXPLORERMULTISTATICCAMERAS-WPF\AMP_HELPERFUNCTIONS\RELEASE\AMP_HELPERFUNCTIONS.PCH
C:\KINECT\PROJ60\PROJ60\KINECTFUSIONEXPLORERMULTISTATICCAMERAS-WPF\AMP_HELPERFUNCTIONS\RELEASE\STDAFX.OBJ
C:\KINECT\PROJ60\PROJ60\KINECTFUSIONEXPLORERMULTISTATICCAMERAS-WPF\AMP_HELPERFUNCTIONS\RELEASE\VC110.PDB
C:\KINECT\PROJ60\PROJ60\KINECTFUSIONEXPLORERMULTISTATICCAMERAS-WPF\AMP_HELPERFUNCTIONS\RELEASE\DLLMAIN.OBJ
C:\KINECT\PROJ60\PROJ60\KINECTFUSIONEXPLORERMULTISTATICCAMERAS-WPF\AMP_HELPERFUNCTIONS\RELEASE\AMP_HELPERFUNCTIONS.OBJ
C:\KINECT\PROJ60\PROJ60\KINECTFUSIONEXPLORERMULTISTATICCAMERAS-WPF\RELEASE\AMP_HELPERFUNCTIONS.DLL
C:\KINECT\PROJ60\PROJ60\KINECTFUSIONEXPLORERMULTISTATICCAMERAS-WPF\RELEASE\AMP_HELPERFUNCTIONS.PDB
C:\KINECT\PROJ60\PROJ60\RELEASE\AMP_HELPERFUNCTIONS.DLL
C:\KINECT\PROJ60\PROJ60\RELEASE\AMP_HELPERFUNCTIONS.PDB
C:\Kinect\Proj60\Proj60\KinectFusionExplorerMultiStaticCameras-WPF\AMP_HelperFunctions\Release\AMP_HelperFunctions.obj
C:\Kinect\Proj60\Proj60\KinectFusionExplorerMultiStaticCameras-WPF\AMP_HelperFunctions\Release\dllmain.obj
C:\Kinect\Proj60\Proj60\KinectFusionExplorerMultiStaticCameras-WPF\AMP_HelperFunctions\Release\stdafx.obj
C:\Kinect\Proj60\Proj60\KinectFusionExplorerMultiStaticCameras-WPF\AMP_HelperFunctions\Release\AMP_HelperFunctions.write.1.tlog
C:\Kinect\Proj60\Proj60\KinectFusionExplorerMultiStaticCameras-WPF\AMP_HelperFunctions\Release\cl.command.1.tlog
C:\Kinect\Proj60\Proj60\KinectFusionExplorerMultiStaticCameras-WPF\AMP_HelperFunctions\Release\CL.read.1.tlog
C:\Kinect\Proj60\Proj60\KinectFusionExplorerMultiStaticCameras-WPF\AMP_HelperFunctions\Release\CL.write.1.tlog
C:\Kinect\Proj60\Proj60\KinectFusionExplorerMultiStaticCameras-WPF\AMP_HelperFunctions\Release\link-cvtres.read.1.tlog
C:\Kinect\Proj60\Proj60\KinectFusionExplorerMultiStaticCameras-WPF\AMP_HelperFunctions\Release\link-cvtres.write.1.tlog
C:\Kinect\Proj60\Proj60\KinectFusionExplorerMultiStaticCameras-WPF\AMP_HelperFunctions\Release\link-rc.read.1.tlog
C:\Kinect\Proj60\Proj60\KinectFusionExplorerMultiStaticCameras-WPF\AMP_HelperFunctions\Release\link-rc.write.1.tlog
C:\Kinect\Proj60\Proj60\KinectFusionExplorerMultiStaticCameras-WPF\AMP_HelperFunctions\Release\link.command.1.tlog
C:\Kinect\Proj60\Proj60\KinectFusionExplorerMultiStaticCameras-WPF\AMP_HelperFunctions\Release\link.read.1.tlog
C:\Kinect\Proj60\Proj60\KinectFusionExplorerMultiStaticCameras-WPF\AMP_HelperFunctions\Release\link.read.3.tlog
C:\Kinect\Proj60\Proj60\KinectFusionExplorerMultiStaticCameras-WPF\AMP_HelperFunctions\Release\link.read.4.tlog
C:\Kinect\Proj60\Proj60\KinectFusionExplorerMultiStaticCameras-WPF\AMP_HelperFunctions\Release\link.read.5.tlog
C:\Kinect\Proj60\Proj60\KinectFusionExplorerMultiStaticCameras-WPF\AMP_HelperFunctions\Release\link.read.6.tlog
C:\Kinect\Proj60\Proj60\KinectFusionExplorerMultiStaticCameras-WPF\AMP_HelperFunctions\Release\link.write.1.tlog
C:\Kinect\Proj60\Proj60\KinectFusionExplorerMultiStaticCameras-WPF\AMP_HelperFunctions\Release\link.write.3.tlog
C:\Kinect\Proj60\Proj60\KinectFusionExplorerMultiStaticCameras-WPF\AMP_HelperFunctions\Release\link.write.4.tlog
C:\Kinect\Proj60\Proj60\KinectFusionExplorerMultiStaticCameras-WPF\AMP_HelperFunctions\Release\link.write.5.tlog
C:\Kinect\Proj60\Proj60\KinectFusionExplorerMultiStaticCameras-WPF\AMP_HelperFunctions\Release\link.write.6.tlog
C:\Kinect\Proj60\Proj60\KinectFusionExplorerMultiStaticCameras-WPF\AMP_HelperFunctions\Release\AMP_HelperFunctions.pch
C:\Kinect\Proj60\Proj60\KinectFusionExplorerMultiStaticCameras-WPF\AMP_HelperFunctions\Release\vc110.pdb
C:\Kinect\Proj60\Proj60\KinectFusionExplorerMultiStaticCameras-WPF\AMP_HelperFunctions\Release\..\..\Release\AMP_HelperFunctions.pdb
C:\Kinect\Proj60\Proj60\KinectFusionExplorerMultiStaticCameras-WPF\AMP_HelperFunctions\..\..\Release\AMP_HelperFunctions.dll
