C:\Kinect\Proj60\Proj60\KinectFusionExplorerMultiStaticCameras-WPF\Debug\AMP_HelperFunctions.lib
C:\Kinect\Proj60\Proj60\KinectFusionExplorerMultiStaticCameras-WPF\Debug\AMP_HelperFunctions.exp
C:\KINECT\PROJ60\PROJ60\KINECTFUSIONEXPLORERMULTISTATICCAMERAS-WPF\AMP_HELPERFUNCTIONS\DEBUG\AMP_HELPERFUNCTIONS.PCH
C:\KINECT\PROJ60\PROJ60\KINECTFUSIONEXPLORERMULTISTATICCAMERAS-WPF\AMP_HELPERFUNCTIONS\DEBUG\STDAFX.OBJ
C:\KINECT\PROJ60\PROJ60\KINECTFUSIONEXPLORERMULTISTATICCAMERAS-WPF\AMP_HELPERFUNCTIONS\DEBUG\VC110.PDB
C:\KINECT\PROJ60\PROJ60\KINECTFUSIONEXPLORERMULTISTATICCAMERAS-WPF\AMP_HELPERFUNCTIONS\DEBUG\AMP_HELPERFUNCTIONS.OBJ
C:\KINECT\PROJ60\PROJ60\KINECTFUSIONEXPLORERMULTISTATICCAMERAS-WPF\AMP_HELPERFUNCTIONS\DEBUG\DLLMAIN.OBJ
C:\KINECT\PROJ60\PROJ60\KINECTFUSIONEXPLORERMULTISTATICCAMERAS-WPF\DEBUG\AMP_HELPERFUNCTIONS.ILK
C:\KINECT\PROJ60\PROJ60\KINECTFUSIONEXPLORERMULTISTATICCAMERAS-WPF\DEBUG\AMP_HELPERFUNCTIONS.DLL
C:\KINECT\PROJ60\PROJ60\KINECTFUSIONEXPLORERMULTISTATICCAMERAS-WPF\DEBUG\AMP_HELPERFUNCTIONS.PDB
C:\Kinect\Proj60\Proj60\KinectFusionExplorerMultiStaticCameras-WPF\AMP_HelperFunctions\Debug\AMP_HelperFunctions.obj
C:\Kinect\Proj60\Proj60\KinectFusionExplorerMultiStaticCameras-WPF\AMP_HelperFunctions\Debug\dllmain.obj
C:\Kinect\Proj60\Proj60\KinectFusionExplorerMultiStaticCameras-WPF\AMP_HelperFunctions\Debug\stdafx.obj
C:\Kinect\Proj60\Proj60\KinectFusionExplorerMultiStaticCameras-WPF\AMP_HelperFunctions\Debug\AMP_HelperFunctions.write.1.tlog
C:\Kinect\Proj60\Proj60\KinectFusionExplorerMultiStaticCameras-WPF\AMP_HelperFunctions\Debug\cl.command.1.tlog
C:\Kinect\Proj60\Proj60\KinectFusionExplorerMultiStaticCameras-WPF\AMP_HelperFunctions\Debug\CL.read.1.tlog
C:\Kinect\Proj60\Proj60\KinectFusionExplorerMultiStaticCameras-WPF\AMP_HelperFunctions\Debug\CL.read.3.tlog
C:\Kinect\Proj60\Proj60\KinectFusionExplorerMultiStaticCameras-WPF\AMP_HelperFunctions\Debug\CL.read.4.tlog
C:\Kinect\Proj60\Proj60\KinectFusionExplorerMultiStaticCameras-WPF\AMP_HelperFunctions\Debug\CL.read.5.tlog
C:\Kinect\Proj60\Proj60\KinectFusionExplorerMultiStaticCameras-WPF\AMP_HelperFunctions\Debug\CL.read.6.tlog
C:\Kinect\Proj60\Proj60\KinectFusionExplorerMultiStaticCameras-WPF\AMP_HelperFunctions\Debug\CL.write.1.tlog
C:\Kinect\Proj60\Proj60\KinectFusionExplorerMultiStaticCameras-WPF\AMP_HelperFunctions\Debug\CL.write.3.tlog
C:\Kinect\Proj60\Proj60\KinectFusionExplorerMultiStaticCameras-WPF\AMP_HelperFunctions\Debug\CL.write.4.tlog
C:\Kinect\Proj60\Proj60\KinectFusionExplorerMultiStaticCameras-WPF\AMP_HelperFunctions\Debug\CL.write.5.tlog
C:\Kinect\Proj60\Proj60\KinectFusionExplorerMultiStaticCameras-WPF\AMP_HelperFunctions\Debug\CL.write.6.tlog
C:\Kinect\Proj60\Proj60\KinectFusionExplorerMultiStaticCameras-WPF\AMP_HelperFunctions\Debug\link-cvtres.read.1.tlog
C:\Kinect\Proj60\Proj60\KinectFusionExplorerMultiStaticCameras-WPF\AMP_HelperFunctions\Debug\link-cvtres.write.1.tlog
C:\Kinect\Proj60\Proj60\KinectFusionExplorerMultiStaticCameras-WPF\AMP_HelperFunctions\Debug\link-rc.read.1.tlog
C:\Kinect\Proj60\Proj60\KinectFusionExplorerMultiStaticCameras-WPF\AMP_HelperFunctions\Debug\link-rc.write.1.tlog
C:\Kinect\Proj60\Proj60\KinectFusionExplorerMultiStaticCameras-WPF\AMP_HelperFunctions\Debug\link.4220-cvtres.read.1.tlog
C:\Kinect\Proj60\Proj60\KinectFusionExplorerMultiStaticCameras-WPF\AMP_HelperFunctions\Debug\link.4220-cvtres.write.1.tlog
C:\Kinect\Proj60\Proj60\KinectFusionExplorerMultiStaticCameras-WPF\AMP_HelperFunctions\Debug\link.4220-rc.read.1.tlog
C:\Kinect\Proj60\Proj60\KinectFusionExplorerMultiStaticCameras-WPF\AMP_HelperFunctions\Debug\link.4220-rc.write.1.tlog
C:\Kinect\Proj60\Proj60\KinectFusionExplorerMultiStaticCameras-WPF\AMP_HelperFunctions\Debug\link.4220.read.1.tlog
C:\Kinect\Proj60\Proj60\KinectFusionExplorerMultiStaticCameras-WPF\AMP_HelperFunctions\Debug\link.4220.write.1.tlog
C:\Kinect\Proj60\Proj60\KinectFusionExplorerMultiStaticCameras-WPF\AMP_HelperFunctions\Debug\link.command.1.tlog
C:\Kinect\Proj60\Proj60\KinectFusionExplorerMultiStaticCameras-WPF\AMP_HelperFunctions\Debug\link.read.1.tlog
C:\Kinect\Proj60\Proj60\KinectFusionExplorerMultiStaticCameras-WPF\AMP_HelperFunctions\Debug\link.write.1.tlog
C:\Kinect\Proj60\Proj60\KinectFusionExplorerMultiStaticCameras-WPF\AMP_HelperFunctions\Debug\AMP_HelperFunctions.pch
C:\Kinect\Proj60\Proj60\KinectFusionExplorerMultiStaticCameras-WPF\AMP_HelperFunctions\Debug\vc110.idb
C:\Kinect\Proj60\Proj60\KinectFusionExplorerMultiStaticCameras-WPF\AMP_HelperFunctions\Debug\vc110.pdb
C:\Kinect\Proj60\Proj60\KinectFusionExplorerMultiStaticCameras-WPF\AMP_HelperFunctions\..\Debug\AMP_HelperFunctions.dll
